<?xml version="1.0" encoding="UTF-8"?>
<testng-results ignored="1" total="4" passed="3" failed="0" skipped="0">
  <reporter-output>
    <line>
      <![CDATA[@BeforeSuite]]>
    </line>
    <line>
      <![CDATA[@BeforeTest]]>
    </line>
    <line>
      <![CDATA[@BeforeClass]]>
    </line>
    <line>
      <![CDATA[@BeforeMethod]]>
    </line>
    <line>
      <![CDATA[Test3]]>
    </line>
    <line>
      <![CDATA[@AfterMethod]]>
    </line>
    <line>
      <![CDATA[@BeforeMethod]]>
    </line>
    <line>
      <![CDATA[Test1]]>
    </line>
    <line>
      <![CDATA[@AfterMethod]]>
    </line>
    <line>
      <![CDATA[@BeforeMethod]]>
    </line>
    <line>
      <![CDATA[Test1]]>
    </line>
    <line>
      <![CDATA[@AfterMethod]]>
    </line>
    <line>
      <![CDATA[@AfterClass]]>
    </line>
    <line>
      <![CDATA[@AfterTest]]>
    </line>
    <line>
      <![CDATA[AfterSuite]]>
    </line>
  </reporter-output>
  <suite started-at="2018-12-14T15:53:37Z" name="Default suite" finished-at="2018-12-14T15:53:37Z" duration-ms="34">
    <groups>
    </groups>
    <test started-at="2018-12-14T15:53:37Z" name="Default test" finished-at="2018-12-14T15:53:37Z" duration-ms="34">
      <class name="testPack.testngAnnotations">
        <test-method is-config="true" signature="beforesuite()[pri:0, instance:testPack.testngAnnotations@f2ff811]" started-at="2018-12-14T15:53:37Z" name="beforesuite" finished-at="2018-12-14T15:53:37Z" duration-ms="16" status="PASS">
          <reporter-output>
            <line>
              <![CDATA[@BeforeSuite]]>
            </line>
          </reporter-output>
        </test-method> <!-- beforesuite -->
        <test-method is-config="true" signature="openApp()[pri:0, instance:testPack.testngAnnotations@f2ff811]" started-at="2018-12-14T15:53:37Z" name="openApp" finished-at="2018-12-14T15:53:37Z" duration-ms="0" status="PASS">
          <reporter-output>
            <line>
              <![CDATA[@BeforeClass]]>
            </line>
          </reporter-output>
        </test-method> <!-- openApp -->
        <test-method is-config="true" signature="testit()[pri:0, instance:testPack.testngAnnotations@f2ff811]" started-at="2018-12-14T15:53:37Z" name="testit" finished-at="2018-12-14T15:53:37Z" duration-ms="0" status="PASS">
          <reporter-output>
            <line>
              <![CDATA[@BeforeTest]]>
            </line>
          </reporter-output>
        </test-method> <!-- testit -->
        <test-method is-config="true" signature="logout()[pri:0, instance:testPack.testngAnnotations@f2ff811]" started-at="2018-12-14T15:53:37Z" name="logout" finished-at="2018-12-14T15:53:37Z" duration-ms="0" status="PASS">
          <reporter-output>
            <line>
              <![CDATA[@AfterMethod]]>
            </line>
          </reporter-output>
        </test-method> <!-- logout -->
        <test-method signature="deleteUser()[pri:0, instance:testPack.testngAnnotations@f2ff811]" started-at="2018-12-14T15:53:37Z" name="deleteUser" finished-at="2018-12-14T15:53:37Z" duration-ms="0" status="PASS">
          <reporter-output>
            <line>
              <![CDATA[Test3]]>
            </line>
          </reporter-output>
        </test-method> <!-- deleteUser -->
        <test-method is-config="true" signature="login()[pri:0, instance:testPack.testngAnnotations@f2ff811]" started-at="2018-12-14T15:53:37Z" name="login" finished-at="2018-12-14T15:53:37Z" duration-ms="0" status="PASS">
          <reporter-output>
            <line>
              <![CDATA[@BeforeMethod]]>
            </line>
          </reporter-output>
        </test-method> <!-- login -->
        <test-method is-config="true" signature="closeApp()[pri:0, instance:testPack.testngAnnotations@f2ff811]" started-at="2018-12-14T15:53:37Z" name="closeApp" finished-at="2018-12-14T15:53:37Z" duration-ms="0" status="PASS">
          <reporter-output>
            <line>
              <![CDATA[@AfterClass]]>
            </line>
          </reporter-output>
        </test-method> <!-- closeApp -->
        <test-method is-config="true" signature="logout()[pri:0, instance:testPack.testngAnnotations@f2ff811]" started-at="2018-12-14T15:53:37Z" name="logout" finished-at="2018-12-14T15:53:37Z" duration-ms="0" status="PASS">
          <reporter-output>
            <line>
              <![CDATA[@AfterMethod]]>
            </line>
          </reporter-output>
        </test-method> <!-- logout -->
        <test-method signature="editUser()[pri:2, instance:testPack.testngAnnotations@f2ff811]" started-at="2018-12-14T15:53:37Z" name="editUser" finished-at="2018-12-14T15:53:37Z" duration-ms="0" status="PASS">
          <reporter-output>
            <line>
              <![CDATA[Test1]]>
            </line>
          </reporter-output>
        </test-method> <!-- editUser -->
        <test-method is-config="true" signature="logout()[pri:0, instance:testPack.testngAnnotations@f2ff811]" started-at="2018-12-14T15:53:37Z" name="logout" finished-at="2018-12-14T15:53:37Z" duration-ms="0" status="PASS">
          <reporter-output>
            <line>
              <![CDATA[@AfterMethod]]>
            </line>
          </reporter-output>
        </test-method> <!-- logout -->
        <test-method is-config="true" signature="login()[pri:0, instance:testPack.testngAnnotations@f2ff811]" started-at="2018-12-14T15:53:37Z" name="login" finished-at="2018-12-14T15:53:37Z" duration-ms="0" status="PASS">
          <reporter-output>
            <line>
              <![CDATA[@BeforeMethod]]>
            </line>
          </reporter-output>
        </test-method> <!-- login -->
        <test-method is-config="true" signature="login()[pri:0, instance:testPack.testngAnnotations@f2ff811]" started-at="2018-12-14T15:53:37Z" name="login" finished-at="2018-12-14T15:53:37Z" duration-ms="0" status="PASS">
          <reporter-output>
            <line>
              <![CDATA[@BeforeMethod]]>
            </line>
          </reporter-output>
        </test-method> <!-- login -->
        <test-method signature="editUser()[pri:2, instance:testPack.testngAnnotations@f2ff811]" started-at="2018-12-14T15:53:37Z" name="editUser" finished-at="2018-12-14T15:53:37Z" duration-ms="0" status="PASS">
          <reporter-output>
            <line>
              <![CDATA[Test1]]>
            </line>
          </reporter-output>
        </test-method> <!-- editUser -->
        <test-method is-config="true" signature="testaf()[pri:0, instance:testPack.testngAnnotations@f2ff811]" started-at="2018-12-14T15:53:37Z" name="testaf" finished-at="2018-12-14T15:53:37Z" duration-ms="0" status="PASS">
          <reporter-output>
            <line>
              <![CDATA[@AfterTest]]>
            </line>
          </reporter-output>
        </test-method> <!-- testaf -->
        <test-method is-config="true" signature="aftersuite()[pri:0, instance:testPack.testngAnnotations@f2ff811]" started-at="2018-12-14T15:53:37Z" name="aftersuite" finished-at="2018-12-14T15:53:37Z" duration-ms="0" status="PASS">
          <reporter-output>
            <line>
              <![CDATA[AfterSuite]]>
            </line>
          </reporter-output>
        </test-method> <!-- aftersuite -->
      </class> <!-- testPack.testngAnnotations -->
    </test> <!-- Default test -->
  </suite> <!-- Default suite -->
</testng-results>
