<?xml version="1.0" encoding="UTF-8"?>
<!-- Generated by org.testng.reporters.JUnitXMLReporter -->
<testsuite ignored="1" hostname="BDC8-LX-1GZ7152" failures="0" tests="3" name="Default test" time="0.034" errors="0" timestamp="14 Dec 2018 15:53:37 GMT">
  <testcase classname="testPack.testngAnnotations" name="deleteUser" time="0.0"/>
  <testcase classname="testPack.testngAnnotations" name="editUser" time="0.0"/>
  <testcase classname="testPack.testngAnnotations" name="editUser" time="0.0"/>
  <testcase classname="testPack.testngAnnotations" name="register" time="0.0">
    <ignored/>
  </testcase> <!-- register -->
</testsuite> <!-- Default test -->
