<?xml version="1.0" encoding="UTF-8"?>
<!-- Generated by org.testng.reporters.JUnitXMLReporter -->
<testsuite ignored="1" hostname="BDC8-LX-1GZ7152" failures="0" tests="3" name="Default test" time="0.049" errors="0" timestamp="01 Oct 2018 06:38:24 GMT">
  <testcase classname="testPack.testngAnnotations" name="deleteUser" time="0.007"/>
  <testcase classname="testPack.testngAnnotations" name="editUser" time="0.002"/>
  <testcase classname="testPack.testngAnnotations" name="editUser" time="0.002"/>
  <testcase classname="testPack.testngAnnotations" name="register" time="0.0">
    <ignored/>
  </testcase> <!-- register -->
</testsuite> <!-- Default test -->
