<?xml version="1.0" encoding="UTF-8"?>
<testng-results ignored="0" total="2" passed="2" failed="0" skipped="0">
  <reporter-output>
  </reporter-output>
  <suite started-at="2019-01-02T08:58:06Z" name="Default suite" finished-at="2019-01-02T08:58:38Z" duration-ms="32017">
    <groups>
    </groups>
    <test started-at="2019-01-02T08:58:06Z" name="Default test" finished-at="2019-01-02T08:58:38Z" duration-ms="32017">
      <class name="pages.HomePageListener">
        <test-method signature="Login()[pri:0, instance:pages.HomePageListener@6a370f4]" started-at="2019-01-02T08:58:06Z" name="Login" finished-at="2019-01-02T08:58:37Z" duration-ms="31622" status="PASS">
          <reporter-output>
          </reporter-output>
        </test-method> <!-- Login -->
        <test-method signature="TestToPass()[pri:1, instance:pages.HomePageListener@6a370f4]" started-at="2019-01-02T08:58:37Z" name="TestToPass" finished-at="2019-01-02T08:58:38Z" duration-ms="356" status="PASS">
          <reporter-output>
          </reporter-output>
        </test-method> <!-- TestToPass -->
      </class> <!-- pages.HomePageListener -->
    </test> <!-- Default test -->
  </suite> <!-- Default suite -->
</testng-results>
